<?xml version="1.0" encoding="UTF-8"?>
<!-- Generated by org.testng.reporters.JUnitXMLReporter -->
<testsuite ignored="1" hostname="vivek" failures="0" tests="2" name="Home_Page test" time="64.782" errors="0" timestamp="2024-06-12T08:35:47 IST">
  <testcase classname="practiceAPK.homePageTest" name="verifyheaders" time="5.06"/>
  <testcase classname="practiceAPK.homePageTest" name="validateFormFill" time="16.724"/>
  <testcase classname="practiceAPK.homePageTest" name="validateToast" time="0.0">
    <ignored/>
  </testcase> <!-- validateToast -->
</testsuite> <!-- Home_Page test -->
