<?xml version="1.0" encoding="UTF-8"?>
<!-- Generated by org.testng.reporters.JUnitXMLReporter -->
<testsuite ignored="0" hostname="vivek" failures="0" tests="3" name="Home_Page test" time="85.401" errors="0" timestamp="2024-07-02T07:55:37 IST">
  <testcase classname="practiceAPK.BaseClass" name="@BeforeMethod appiumConfig" time="20.27">
    <failure type="io.appium.java_client.service.local.AppiumServerHasNotBeenStartedLocallyException" message="Appium HTTP server is not listening at http://127.0.0.1:4723/ after 20000 ms timeout. Consider increasing the server startup timeout value and check the server log for possible error messages occurrences.
Node.js executable path: C:\Program Files\nodejs\node.exe
Arguments: [C:\Program Files\nodejs\node_modules\npm\node_modules\appium\build\lib\main.js, --port, 4723, --address, 127.0.0.1]
Server log: WARN Appium Appium encountered 1 warning while validating drivers found in manifest C:\Users\Inno\.appium\node_modules\.cache\appium\extensions.yaml
WARN Appium Driver &amp;quot;uiautomator2&amp;quot; has 1 potential problem: 
WARN Appium   - Driver &amp;quot;uiautomator2&amp;quot; (package `appium-uiautomator2-driver`) may be incompatible with the current version of Appium (v2.0.0-beta.55) due to its peer dependency on older Appium v^2.4.1. Please upgrade `appium-uiautomator2-driver` to v3.7.0 or newer.
[35m[Appium][39m Welcome to Appium v2.0.0-beta.55
[35m[Appium][39m Non-default server args:
[35m[Appium][39m { address: [32m&amp;apos;127.0.0.1&amp;apos;[39m }
[35m[Appium][39m Attempting to load driver uiautomator2...
[debug] [35m[Appium][39m Requiring driver at C:\Users\Inno\.appium\node_modules\appium-uiautomator2-driver
">
      <![CDATA[io.appium.java_client.service.local.AppiumServerHasNotBeenStartedLocallyException: Appium HTTP server is not listening at http://127.0.0.1:4723/ after 20000 ms timeout. Consider increasing the server startup timeout value and check the server log for possible error messages occurrences.
Node.js executable path: C:\Program Files\nodejs\node.exe
Arguments: [C:\Program Files\nodejs\node_modules\npm\node_modules\appium\build\lib\main.js, --port, 4723, --address, 127.0.0.1]
Server log: WARN Appium Appium encountered 1 warning while validating drivers found in manifest C:\Users\Inno\.appium\node_modules\.cache\appium\extensions.yaml
WARN Appium Driver "uiautomator2" has 1 potential problem: 
WARN Appium   - Driver "uiautomator2" (package `appium-uiautomator2-driver`) may be incompatible with the current version of Appium (v2.0.0-beta.55) due to its peer dependency on older Appium v^2.4.1. Please upgrade `appium-uiautomator2-driver` to v3.7.0 or newer.
[35m[Appium][39m Welcome to Appium v2.0.0-beta.55
[35m[Appium][39m Non-default server args:
[35m[Appium][39m { address: [32m'127.0.0.1'[39m }
[35m[Appium][39m Attempting to load driver uiautomator2...
[debug] [35m[Appium][39m Requiring driver at C:\Users\Inno\.appium\node_modules\appium-uiautomator2-driver

at io.appium.java_client.service.local.AppiumDriverLocalService.start(AppiumDriverLocalService.java:192)
at practiceAPK.BaseClass.appiumConfig(BaseClass.java:63)
at java.base/java.util.ArrayList.forEach(ArrayList.java:1511)
Caused by: io.appium.java_client.service.local.AppiumServerAvailabilityChecker$ConnectionTimeout: ConnectionTimeout
at io.appium.java_client.service.local.AppiumServerAvailabilityChecker.waitUntilAvailable(AppiumServerAvailabilityChecker.java:72)
at io.appium.java_client.service.local.AppiumDriverLocalService.ping(AppiumDriverLocalService.java:144)
at io.appium.java_client.service.local.AppiumDriverLocalService.start(AppiumDriverLocalService.java:185)
... 31 more
Caused by: java.net.ConnectException: Connection refused: no further information
at java.base/sun.nio.ch.Net.pollConnect(Native Method)
at java.base/sun.nio.ch.Net.pollConnectNow(Net.java:672)
at java.base/sun.nio.ch.NioSocketImpl.timedFinishConnect(NioSocketImpl.java:535)
at java.base/sun.nio.ch.NioSocketImpl.connect(NioSocketImpl.java:585)
at java.base/java.net.Socket.connect(Socket.java:666)
at java.base/sun.net.NetworkClient.doConnect(NetworkClient.java:178)
at java.base/sun.net.www.http.HttpClient.openServer(HttpClient.java:531)
at java.base/sun.net.www.http.HttpClient.openServer(HttpClient.java:636)
at java.base/sun.net.www.http.HttpClient.<init>(HttpClient.java:279)
at java.base/sun.net.www.http.HttpClient.New(HttpClient.java:384)
at java.base/sun.net.www.http.HttpClient.New(HttpClient.java:406)
at java.base/sun.net.www.protocol.http.HttpURLConnection.getNewHttpClient(HttpURLConnection.java:1308)
at java.base/sun.net.www.protocol.http.HttpURLConnection.plainConnect0(HttpURLConnection.java:1241)
at java.base/sun.net.www.protocol.http.HttpURLConnection.plainConnect(HttpURLConnection.java:1127)
at java.base/sun.net.www.protocol.http.HttpURLConnection.connect(HttpURLConnection.java:1056)
at io.appium.java_client.service.local.AppiumServerAvailabilityChecker.connectToUrl(AppiumServerAvailabilityChecker.java:79)
at io.appium.java_client.service.local.AppiumServerAvailabilityChecker.waitUntilAvailable(AppiumServerAvailabilityChecker.java:61)
... 33 more
... Removed 29 stack frames]]>
    </failure>
  </testcase> <!-- @BeforeMethod appiumConfig -->
  <testcase classname="practiceAPK.BaseClass" name="@AfterMethod tearDown" time="0.014">
    <failure type="java.lang.NullPointerException" message="Cannot invoke &amp;quot;io.appium.java_client.android.AndroidDriver.quit()&amp;quot; because &amp;quot;this.driver&amp;quot; is null">
      <![CDATA[java.lang.NullPointerException: Cannot invoke "io.appium.java_client.android.AndroidDriver.quit()" because "this.driver" is null
at practiceAPK.BaseClass.tearDown(BaseClass.java:92)
at java.base/java.util.ArrayList.forEach(ArrayList.java:1511)
... Removed 30 stack frames]]>
    </failure>
  </testcase> <!-- @AfterMethod tearDown -->
  <testcase classname="practiceAPK.homePageTest" name="verifyheaders" time="0.0">
    <skipped/>
  </testcase> <!-- verifyheaders -->
  <testcase classname="practiceAPK.homePageTest" name="validateFormFill" time="0.0">
    <skipped/>
  </testcase> <!-- validateFormFill -->
  <testcase classname="practiceAPK.homePageTest" name="validateToast" time="0.0">
    <skipped/>
  </testcase> <!-- validateToast -->
</testsuite> <!-- Home_Page test -->
