<?xml version="1.0" encoding="UTF-8"?>
<!-- Generated by org.testng.reporters.JUnitXMLReporter -->
<testsuite ignored="1" hostname="vivek" failures="0" tests="2" name="product_page test" time="55.639" errors="0" timestamp="2024-06-12T08:36:42 IST">
  <testcase classname="practiceAPK.ProductPageTest" name="addTOCart" time="18.037"/>
  <testcase classname="practiceAPK.ProductPageTest" name="addTOCart" time="18.406"/>
  <testcase classname="practiceAPK.ProductPageTest" name="addTOCarts" time="0.0">
    <ignored/>
  </testcase> <!-- addTOCarts -->
</testsuite> <!-- product_page test -->
