<?xml version="1.0" encoding="UTF-8"?>
<!-- Generated by org.testng.reporters.JUnitXMLReporter -->
<testsuite ignored="1" hostname="vivek" failures="0" tests="2" name="product_page test" time="81.355" errors="0" timestamp="2024-07-02T07:56:58 IST">
  <testcase classname="practiceAPK.ProductPageTest" name="addTOCart" time="18.135"/>
  <testcase classname="practiceAPK.ProductPageTest" name="addTOCart" time="18.763"/>
  <testcase classname="practiceAPK.ProductPageTest" name="addTOCarts" time="0.0">
    <ignored/>
  </testcase> <!-- addTOCarts -->
</testsuite> <!-- product_page test -->
