<?xml version="1.0" encoding="UTF-8"?>
<!-- Generated by org.testng.reporters.JUnitXMLReporter -->
<testsuite ignored="4" hostname="vivek" failures="0" tests="1" name="Default test" time="11.661" errors="0" timestamp="2024-05-16T14:42:37 IST">
  <testcase classname="basics.AppiumBasics" name="swipeTONext" time="5.541"/>
  <testcase classname="basics.AppiumBasics" name="ScrollTillEnd" time="0.0">
    <ignored/>
  </testcase> <!-- ScrollTillEnd -->
  <testcase classname="basics.AppiumBasics" name="runAppium" time="0.0">
    <ignored/>
  </testcase> <!-- runAppium -->
  <testcase classname="basics.AppiumBasics" name="ScrollToElement" time="0.0">
    <ignored/>
  </testcase> <!-- ScrollToElement -->
  <testcase classname="basics.AppiumBasics" name="longPressOnTab" time="0.0">
    <ignored/>
  </testcase> <!-- longPressOnTab -->
</testsuite> <!-- Default test -->
