<?xml version="1.0" encoding="UTF-8"?>
<!-- Generated by org.testng.reporters.JUnitXMLReporter -->
<testsuite ignored="3" hostname="vivek" failures="0" tests="1" name="Default test" time="45.36" errors="0" timestamp="2024-06-05T11:05:29 IST">
  <testcase classname="practiceAPK.TestCases" name="addTOCart" time="36.297"/>
  <testcase classname="practiceAPK.TestCases" name="validateToast" time="0.0">
    <ignored/>
  </testcase> <!-- validateToast -->
  <testcase classname="practiceAPK.TestCases" name="verifyheaders" time="0.0">
    <ignored/>
  </testcase> <!-- verifyheaders -->
  <testcase classname="practiceAPK.TestCases" name="validateFormFill" time="0.0">
    <ignored/>
  </testcase> <!-- validateFormFill -->
</testsuite> <!-- Default test -->
