<?xml version="1.0" encoding="UTF-8"?>
<!-- Generated by org.testng.reporters.JUnitXMLReporter -->
<testsuite ignored="0" hostname="vivek" failures="0" tests="3" name="Home_Page test(failed)" time="96.941" errors="0" timestamp="2024-07-02T08:06:41 IST">
  <testcase classname="practiceAPK.homePageTest" name="verifyheaders" time="5.011"/>
  <testcase classname="practiceAPK.homePageTest" name="validateFormFill" time="16.094"/>
  <testcase classname="practiceAPK.homePageTest" name="validateToast" time="5.21"/>
</testsuite> <!-- Home_Page test(failed) -->
