<?xml version="1.0" encoding="UTF-8"?>
<!-- Generated by org.testng.reporters.JUnitXMLReporter -->
<testsuite ignored="0" hostname="vivek" failures="1" tests="3" name="cart app test" time="87.276" errors="0" timestamp="2024-06-12T00:29:10 IST">
  <testcase classname="practiceAPK.homePageTest" name="verifyheaders" time="4.988"/>
  <testcase classname="practiceAPK.homePageTest" name="validateFormFill" time="16.445"/>
  <testcase classname="practiceAPK.homePageTest" name="validateToast" time="5.296">
    <failure type="java.lang.AssertionError" message="expected [Please enter your nam] but found [Please enter your name]">
      <![CDATA[java.lang.AssertionError: expected [Please enter your nam] but found [Please enter your name]
at learnAppiumFramework.vivek.android.homePage.validateToastMessage(homePage.java:86)
at practiceAPK.homePageTest.validateToast(homePageTest.java:31)
at java.base/java.util.ArrayList.forEach(ArrayList.java:1511)
... Removed 31 stack frames]]>
    </failure>
  </testcase> <!-- validateToast -->
</testsuite> <!-- cart app test -->
